0 info it worked if it ends with ok
1 verbose cli [ 'C:\\Program Files\\nodejs\\node.exe',
1 verbose cli   'C:\\Program Files\\nodejs\\node_modules\\npm\\bin\\npm-cli.js',
1 verbose cli   'run',
1 verbose cli   'create' ]
2 info using npm@3.10.10
3 info using node@v6.11.4
4 verbose run-script [ 'precreate', 'create', 'postcreate' ]
5 info lifecycle react-tut@1.0.0~precreate: react-tut@1.0.0
6 silly lifecycle react-tut@1.0.0~precreate: no script for precreate, continuing
7 info lifecycle react-tut@1.0.0~create: react-tut@1.0.0
8 verbose lifecycle react-tut@1.0.0~create: unsafe-perm in lifecycle true
9 verbose lifecycle react-tut@1.0.0~create: PATH: C:\Program Files\nodejs\node_modules\npm\bin\node-gyp-bin;C:\Users\EWBM 7\playground\react-tut\node_modules\.bin;C:\ProgramData\Oracle\Java\javapath;C:\Program Files (x86)\Intel\iCLS Client\;C:\Program Files\Intel\iCLS Client\;C:\Windows\system32;C:\Windows;C:\Windows\System32\Wbem;C:\Windows\System32\WindowsPowerShell\v1.0\;C:\Program Files (x86)\Intel\Intel(R) Management Engine Components\DAL;C:\Program Files\Intel\Intel(R) Management Engine Components\DAL;C:\Program Files (x86)\Intel\Intel(R) Management Engine Components\IPT;C:\Program Files\Intel\Intel(R) Management Engine Components\IPT;C:\Program Files\Intel\WiFi\bin\;C:\Program Files\Common Files\Intel\WirelessCommon\;C:\Program Files (x86)\NVIDIA Corporation\PhysX\Common;C:\Program Files (x86)\Common Files\Pleora\eBUS SDK;C:\Program Files\Common Files\Pleora\eBUS SDK;C:\Program Files (x86)\Pleora Technologies Inc\iPORT Software\Binaries;C:\Program Files (x86)\Pleora Technologies Inc\Ethernet Bus\Binaries;C:\Program Files\Git\cmd;C:\WINDOWS\system32;C:\WINDOWS;C:\WINDOWS\System32\Wbem;C:\WINDOWS\System32\WindowsPowerShell\v1.0\;C:\Program Files\PuTTY\;C:\Program Files\nodejs\;C:\Python\Python36-32\Scripts\;C:\Python\Python36-32\;C:\Users\EWBM 7\.lein\bin;C:\Program Files\Microsoft VS Code\bin;C:\Users\EWBM 7\Downloads\emacs-22.3-bin-i386\emacs-22.3\bin;C:\Users\EWBM 7\AppData\Local\Microsoft\WindowsApps;C:\Program Files\Java\jdk1.8.0_144\bin;C:\Users\EWBM 7\Downloads\apache-maven-3.5.0-bin\apache-maven-3.5.0\bin;C:\Anaconda2;C:\Users\EWBM 7\AppData\Roaming\npm;
10 verbose lifecycle react-tut@1.0.0~create: CWD: C:\Users\EWBM 7\playground\react-tut
11 silly lifecycle react-tut@1.0.0~create: Args: [ '/d /s /c', 'webpack' ]
12 silly lifecycle react-tut@1.0.0~create: Returned: code: 2  signal: null
13 info lifecycle react-tut@1.0.0~create: Failed to exec create script
14 verbose stack Error: react-tut@1.0.0 create: `webpack`
14 verbose stack Exit status 2
14 verbose stack     at EventEmitter.<anonymous> (C:\Program Files\nodejs\node_modules\npm\lib\utils\lifecycle.js:255:16)
14 verbose stack     at emitTwo (events.js:106:13)
14 verbose stack     at EventEmitter.emit (events.js:191:7)
14 verbose stack     at ChildProcess.<anonymous> (C:\Program Files\nodejs\node_modules\npm\lib\utils\spawn.js:40:14)
14 verbose stack     at emitTwo (events.js:106:13)
14 verbose stack     at ChildProcess.emit (events.js:191:7)
14 verbose stack     at maybeClose (internal/child_process.js:920:16)
14 verbose stack     at Process.ChildProcess._handle.onexit (internal/child_process.js:230:5)
15 verbose pkgid react-tut@1.0.0
16 verbose cwd C:\Users\EWBM 7\playground\react-tut
17 error Windows_NT 10.0.16299
18 error argv "C:\\Program Files\\nodejs\\node.exe" "C:\\Program Files\\nodejs\\node_modules\\npm\\bin\\npm-cli.js" "run" "create"
19 error node v6.11.4
20 error npm  v3.10.10
21 error code ELIFECYCLE
22 error react-tut@1.0.0 create: `webpack`
22 error Exit status 2
23 error Failed at the react-tut@1.0.0 create script 'webpack'.
23 error Make sure you have the latest version of node.js and npm installed.
23 error If you do, this is most likely a problem with the react-tut package,
23 error not with npm itself.
23 error Tell the author that this fails on your system:
23 error     webpack
23 error You can get information on how to open an issue for this project with:
23 error     npm bugs react-tut
23 error Or if that isn't available, you can get their info via:
23 error     npm owner ls react-tut
23 error There is likely additional logging output above.
24 verbose exit [ 1, true ]
